2020-11-21 18:55:04 下午 [Thread: main][ Class:org.apache.hadoop.util.NativeCodeLoader >> Method: org.apache.hadoop.util.NativeCodeLoader.<clinit>(NativeCodeLoader.java:62) ]
WARN:Unable to load native-hadoop library for your platform... using builtin-java classes where applicable
2020-11-21 18:55:10 下午 [Thread: main][ Class:org.apache.hadoop.mapreduce.JobSubmitter >> Method: org.apache.hadoop.mapreduce.JobSubmitter.copyAndConfigureFiles(JobSubmitter.java:153) ]
WARN:Hadoop command-line option parsing not performed. Implement the Tool interface and execute your application with ToolRunner to remedy this.
2020-11-21 18:55:10 下午 [Thread: main][ Class:org.apache.hadoop.mapreduce.JobSubmitter >> Method: org.apache.hadoop.mapreduce.JobSubmitter.copyAndConfigureFiles(JobSubmitter.java:261) ]
WARN:No job jar file set.  User classes may not be found. See Job or Job#setJar(String).
2020-11-21 18:55:10 下午 [Thread: Thread-11][ Class:org.apache.hadoop.mapreduce.lib.output.FileOutputCommitter >> Method: org.apache.hadoop.mapreduce.lib.output.FileOutputCommitter.setupJob(FileOutputCommitter.java:295) ]
WARN:Output Path is null in setupJob()
2020-11-21 18:55:11 下午 [Thread: Thread-11][ Class:org.apache.hadoop.mapreduce.lib.output.FileOutputCommitter >> Method: org.apache.hadoop.mapreduce.lib.output.FileOutputCommitter.commitJob(FileOutputCommitter.java:322) ]
WARN:Output Path is null in commitJob()
2020-11-21 18:56:34 下午 [Thread: main][ Class:org.apache.hadoop.util.NativeCodeLoader >> Method: org.apache.hadoop.util.NativeCodeLoader.<clinit>(NativeCodeLoader.java:62) ]
WARN:Unable to load native-hadoop library for your platform... using builtin-java classes where applicable
2020-11-21 18:56:39 下午 [Thread: main][ Class:org.apache.hadoop.mapreduce.JobSubmitter >> Method: org.apache.hadoop.mapreduce.JobSubmitter.copyAndConfigureFiles(JobSubmitter.java:153) ]
WARN:Hadoop command-line option parsing not performed. Implement the Tool interface and execute your application with ToolRunner to remedy this.
2020-11-21 18:56:39 下午 [Thread: main][ Class:org.apache.hadoop.mapreduce.JobSubmitter >> Method: org.apache.hadoop.mapreduce.JobSubmitter.copyAndConfigureFiles(JobSubmitter.java:261) ]
WARN:No job jar file set.  User classes may not be found. See Job or Job#setJar(String).
2020-11-21 18:56:40 下午 [Thread: Thread-11][ Class:org.apache.hadoop.mapreduce.lib.output.FileOutputCommitter >> Method: org.apache.hadoop.mapreduce.lib.output.FileOutputCommitter.setupJob(FileOutputCommitter.java:295) ]
WARN:Output Path is null in setupJob()
2020-11-21 18:56:41 下午 [Thread: Thread-11][ Class:org.apache.hadoop.mapreduce.lib.output.FileOutputCommitter >> Method: org.apache.hadoop.mapreduce.lib.output.FileOutputCommitter.commitJob(FileOutputCommitter.java:322) ]
WARN:Output Path is null in commitJob()
2020-11-21 18:56:48 下午 [Thread: main][ Class:org.apache.hadoop.util.NativeCodeLoader >> Method: org.apache.hadoop.util.NativeCodeLoader.<clinit>(NativeCodeLoader.java:62) ]
WARN:Unable to load native-hadoop library for your platform... using builtin-java classes where applicable
2020-11-21 18:56:53 下午 [Thread: main][ Class:org.apache.hadoop.mapreduce.JobSubmitter >> Method: org.apache.hadoop.mapreduce.JobSubmitter.copyAndConfigureFiles(JobSubmitter.java:153) ]
WARN:Hadoop command-line option parsing not performed. Implement the Tool interface and execute your application with ToolRunner to remedy this.
2020-11-21 18:56:53 下午 [Thread: main][ Class:org.apache.hadoop.mapreduce.JobSubmitter >> Method: org.apache.hadoop.mapreduce.JobSubmitter.copyAndConfigureFiles(JobSubmitter.java:261) ]
WARN:No job jar file set.  User classes may not be found. See Job or Job#setJar(String).
2020-11-21 18:56:54 下午 [Thread: Thread-11][ Class:org.apache.hadoop.mapreduce.lib.output.FileOutputCommitter >> Method: org.apache.hadoop.mapreduce.lib.output.FileOutputCommitter.setupJob(FileOutputCommitter.java:295) ]
WARN:Output Path is null in setupJob()
2020-11-21 18:56:55 下午 [Thread: Thread-11][ Class:org.apache.hadoop.mapreduce.lib.output.FileOutputCommitter >> Method: org.apache.hadoop.mapreduce.lib.output.FileOutputCommitter.commitJob(FileOutputCommitter.java:322) ]
WARN:Output Path is null in commitJob()
2020-11-21 18:57:09 下午 [Thread: main][ Class:org.apache.hadoop.util.NativeCodeLoader >> Method: org.apache.hadoop.util.NativeCodeLoader.<clinit>(NativeCodeLoader.java:62) ]
WARN:Unable to load native-hadoop library for your platform... using builtin-java classes where applicable
2020-11-21 18:57:14 下午 [Thread: main][ Class:org.apache.hadoop.mapreduce.JobSubmitter >> Method: org.apache.hadoop.mapreduce.JobSubmitter.copyAndConfigureFiles(JobSubmitter.java:153) ]
WARN:Hadoop command-line option parsing not performed. Implement the Tool interface and execute your application with ToolRunner to remedy this.
2020-11-21 18:57:14 下午 [Thread: main][ Class:org.apache.hadoop.mapreduce.JobSubmitter >> Method: org.apache.hadoop.mapreduce.JobSubmitter.copyAndConfigureFiles(JobSubmitter.java:261) ]
WARN:No job jar file set.  User classes may not be found. See Job or Job#setJar(String).
2020-11-21 18:57:15 下午 [Thread: Thread-11][ Class:org.apache.hadoop.mapreduce.lib.output.FileOutputCommitter >> Method: org.apache.hadoop.mapreduce.lib.output.FileOutputCommitter.setupJob(FileOutputCommitter.java:295) ]
WARN:Output Path is null in setupJob()
2020-11-21 18:57:16 下午 [Thread: Thread-11][ Class:org.apache.hadoop.mapreduce.lib.output.FileOutputCommitter >> Method: org.apache.hadoop.mapreduce.lib.output.FileOutputCommitter.commitJob(FileOutputCommitter.java:322) ]
WARN:Output Path is null in commitJob()
2020-11-21 18:57:22 下午 [Thread: main][ Class:org.apache.hadoop.util.NativeCodeLoader >> Method: org.apache.hadoop.util.NativeCodeLoader.<clinit>(NativeCodeLoader.java:62) ]
WARN:Unable to load native-hadoop library for your platform... using builtin-java classes where applicable
2020-11-21 18:57:28 下午 [Thread: main][ Class:org.apache.hadoop.mapreduce.JobSubmitter >> Method: org.apache.hadoop.mapreduce.JobSubmitter.copyAndConfigureFiles(JobSubmitter.java:153) ]
WARN:Hadoop command-line option parsing not performed. Implement the Tool interface and execute your application with ToolRunner to remedy this.
2020-11-21 18:57:28 下午 [Thread: main][ Class:org.apache.hadoop.mapreduce.JobSubmitter >> Method: org.apache.hadoop.mapreduce.JobSubmitter.copyAndConfigureFiles(JobSubmitter.java:261) ]
WARN:No job jar file set.  User classes may not be found. See Job or Job#setJar(String).
2020-11-21 18:57:28 下午 [Thread: Thread-11][ Class:org.apache.hadoop.mapreduce.lib.output.FileOutputCommitter >> Method: org.apache.hadoop.mapreduce.lib.output.FileOutputCommitter.setupJob(FileOutputCommitter.java:295) ]
WARN:Output Path is null in setupJob()
2020-11-21 18:57:29 下午 [Thread: Thread-11][ Class:org.apache.hadoop.mapreduce.lib.output.FileOutputCommitter >> Method: org.apache.hadoop.mapreduce.lib.output.FileOutputCommitter.commitJob(FileOutputCommitter.java:322) ]
WARN:Output Path is null in commitJob()
2020-11-21 18:57:59 下午 [Thread: main][ Class:org.apache.hadoop.util.NativeCodeLoader >> Method: org.apache.hadoop.util.NativeCodeLoader.<clinit>(NativeCodeLoader.java:62) ]
WARN:Unable to load native-hadoop library for your platform... using builtin-java classes where applicable
2020-11-21 18:58:05 下午 [Thread: main][ Class:org.apache.hadoop.mapreduce.JobSubmitter >> Method: org.apache.hadoop.mapreduce.JobSubmitter.copyAndConfigureFiles(JobSubmitter.java:153) ]
WARN:Hadoop command-line option parsing not performed. Implement the Tool interface and execute your application with ToolRunner to remedy this.
2020-11-21 18:58:05 下午 [Thread: main][ Class:org.apache.hadoop.mapreduce.JobSubmitter >> Method: org.apache.hadoop.mapreduce.JobSubmitter.copyAndConfigureFiles(JobSubmitter.java:261) ]
WARN:No job jar file set.  User classes may not be found. See Job or Job#setJar(String).
2020-11-21 18:58:05 下午 [Thread: Thread-11][ Class:org.apache.hadoop.mapreduce.lib.output.FileOutputCommitter >> Method: org.apache.hadoop.mapreduce.lib.output.FileOutputCommitter.setupJob(FileOutputCommitter.java:295) ]
WARN:Output Path is null in setupJob()
2020-11-21 18:58:06 下午 [Thread: Thread-11][ Class:org.apache.hadoop.mapreduce.lib.output.FileOutputCommitter >> Method: org.apache.hadoop.mapreduce.lib.output.FileOutputCommitter.commitJob(FileOutputCommitter.java:322) ]
WARN:Output Path is null in commitJob()
2020-11-21 19:02:42 下午 [Thread: main][ Class:org.apache.hadoop.util.NativeCodeLoader >> Method: org.apache.hadoop.util.NativeCodeLoader.<clinit>(NativeCodeLoader.java:62) ]
WARN:Unable to load native-hadoop library for your platform... using builtin-java classes where applicable
2020-11-21 19:02:47 下午 [Thread: main][ Class:org.apache.hadoop.mapreduce.JobSubmitter >> Method: org.apache.hadoop.mapreduce.JobSubmitter.copyAndConfigureFiles(JobSubmitter.java:153) ]
WARN:Hadoop command-line option parsing not performed. Implement the Tool interface and execute your application with ToolRunner to remedy this.
2020-11-21 19:02:47 下午 [Thread: main][ Class:org.apache.hadoop.mapreduce.JobSubmitter >> Method: org.apache.hadoop.mapreduce.JobSubmitter.copyAndConfigureFiles(JobSubmitter.java:261) ]
WARN:No job jar file set.  User classes may not be found. See Job or Job#setJar(String).
2020-11-21 19:02:48 下午 [Thread: Thread-11][ Class:org.apache.hadoop.mapreduce.lib.output.FileOutputCommitter >> Method: org.apache.hadoop.mapreduce.lib.output.FileOutputCommitter.setupJob(FileOutputCommitter.java:295) ]
WARN:Output Path is null in setupJob()
2020-11-21 19:02:49 下午 [Thread: Thread-11][ Class:org.apache.hadoop.mapreduce.lib.output.FileOutputCommitter >> Method: org.apache.hadoop.mapreduce.lib.output.FileOutputCommitter.commitJob(FileOutputCommitter.java:322) ]
WARN:Output Path is null in commitJob()
2020-11-21 19:02:55 下午 [Thread: main][ Class:org.apache.hadoop.util.NativeCodeLoader >> Method: org.apache.hadoop.util.NativeCodeLoader.<clinit>(NativeCodeLoader.java:62) ]
WARN:Unable to load native-hadoop library for your platform... using builtin-java classes where applicable
2020-11-21 19:03:00 下午 [Thread: main][ Class:org.apache.hadoop.mapreduce.JobSubmitter >> Method: org.apache.hadoop.mapreduce.JobSubmitter.copyAndConfigureFiles(JobSubmitter.java:153) ]
WARN:Hadoop command-line option parsing not performed. Implement the Tool interface and execute your application with ToolRunner to remedy this.
2020-11-21 19:03:00 下午 [Thread: main][ Class:org.apache.hadoop.mapreduce.JobSubmitter >> Method: org.apache.hadoop.mapreduce.JobSubmitter.copyAndConfigureFiles(JobSubmitter.java:261) ]
WARN:No job jar file set.  User classes may not be found. See Job or Job#setJar(String).
2020-11-21 19:03:01 下午 [Thread: Thread-11][ Class:org.apache.hadoop.mapreduce.lib.output.FileOutputCommitter >> Method: org.apache.hadoop.mapreduce.lib.output.FileOutputCommitter.setupJob(FileOutputCommitter.java:295) ]
WARN:Output Path is null in setupJob()
2020-11-21 19:03:02 下午 [Thread: Thread-11][ Class:org.apache.hadoop.mapreduce.lib.output.FileOutputCommitter >> Method: org.apache.hadoop.mapreduce.lib.output.FileOutputCommitter.commitJob(FileOutputCommitter.java:322) ]
WARN:Output Path is null in commitJob()
2020-11-21 19:03:08 下午 [Thread: main][ Class:org.apache.hadoop.util.NativeCodeLoader >> Method: org.apache.hadoop.util.NativeCodeLoader.<clinit>(NativeCodeLoader.java:62) ]
WARN:Unable to load native-hadoop library for your platform... using builtin-java classes where applicable
2020-11-21 19:03:13 下午 [Thread: main][ Class:org.apache.hadoop.mapreduce.JobSubmitter >> Method: org.apache.hadoop.mapreduce.JobSubmitter.copyAndConfigureFiles(JobSubmitter.java:153) ]
WARN:Hadoop command-line option parsing not performed. Implement the Tool interface and execute your application with ToolRunner to remedy this.
2020-11-21 19:03:13 下午 [Thread: main][ Class:org.apache.hadoop.mapreduce.JobSubmitter >> Method: org.apache.hadoop.mapreduce.JobSubmitter.copyAndConfigureFiles(JobSubmitter.java:261) ]
WARN:No job jar file set.  User classes may not be found. See Job or Job#setJar(String).
2020-11-21 19:03:14 下午 [Thread: Thread-11][ Class:org.apache.hadoop.mapreduce.lib.output.FileOutputCommitter >> Method: org.apache.hadoop.mapreduce.lib.output.FileOutputCommitter.setupJob(FileOutputCommitter.java:295) ]
WARN:Output Path is null in setupJob()
2020-11-21 19:03:15 下午 [Thread: Thread-11][ Class:org.apache.hadoop.mapreduce.lib.output.FileOutputCommitter >> Method: org.apache.hadoop.mapreduce.lib.output.FileOutputCommitter.commitJob(FileOutputCommitter.java:322) ]
WARN:Output Path is null in commitJob()
2020-11-21 19:03:20 下午 [Thread: main][ Class:org.apache.hadoop.util.NativeCodeLoader >> Method: org.apache.hadoop.util.NativeCodeLoader.<clinit>(NativeCodeLoader.java:62) ]
WARN:Unable to load native-hadoop library for your platform... using builtin-java classes where applicable
2020-11-21 19:03:26 下午 [Thread: main][ Class:org.apache.hadoop.mapreduce.JobSubmitter >> Method: org.apache.hadoop.mapreduce.JobSubmitter.copyAndConfigureFiles(JobSubmitter.java:153) ]
WARN:Hadoop command-line option parsing not performed. Implement the Tool interface and execute your application with ToolRunner to remedy this.
2020-11-21 19:03:26 下午 [Thread: main][ Class:org.apache.hadoop.mapreduce.JobSubmitter >> Method: org.apache.hadoop.mapreduce.JobSubmitter.copyAndConfigureFiles(JobSubmitter.java:261) ]
WARN:No job jar file set.  User classes may not be found. See Job or Job#setJar(String).
2020-11-21 19:03:26 下午 [Thread: Thread-11][ Class:org.apache.hadoop.mapreduce.lib.output.FileOutputCommitter >> Method: org.apache.hadoop.mapreduce.lib.output.FileOutputCommitter.setupJob(FileOutputCommitter.java:295) ]
WARN:Output Path is null in setupJob()
2020-11-21 19:03:27 下午 [Thread: Thread-11][ Class:org.apache.hadoop.mapreduce.lib.output.FileOutputCommitter >> Method: org.apache.hadoop.mapreduce.lib.output.FileOutputCommitter.commitJob(FileOutputCommitter.java:322) ]
WARN:Output Path is null in commitJob()
2020-11-21 19:14:02 下午 [Thread: main][ Class:org.apache.hadoop.util.NativeCodeLoader >> Method: org.apache.hadoop.util.NativeCodeLoader.<clinit>(NativeCodeLoader.java:62) ]
WARN:Unable to load native-hadoop library for your platform... using builtin-java classes where applicable
2020-11-21 19:14:08 下午 [Thread: main][ Class:org.apache.hadoop.mapreduce.JobSubmitter >> Method: org.apache.hadoop.mapreduce.JobSubmitter.copyAndConfigureFiles(JobSubmitter.java:153) ]
WARN:Hadoop command-line option parsing not performed. Implement the Tool interface and execute your application with ToolRunner to remedy this.
2020-11-21 19:14:08 下午 [Thread: main][ Class:org.apache.hadoop.mapreduce.JobSubmitter >> Method: org.apache.hadoop.mapreduce.JobSubmitter.copyAndConfigureFiles(JobSubmitter.java:261) ]
WARN:No job jar file set.  User classes may not be found. See Job or Job#setJar(String).
2020-11-21 19:14:08 下午 [Thread: Thread-11][ Class:org.apache.hadoop.mapreduce.lib.output.FileOutputCommitter >> Method: org.apache.hadoop.mapreduce.lib.output.FileOutputCommitter.setupJob(FileOutputCommitter.java:295) ]
WARN:Output Path is null in setupJob()
2020-11-21 19:14:09 下午 [Thread: Thread-11][ Class:org.apache.hadoop.mapreduce.lib.output.FileOutputCommitter >> Method: org.apache.hadoop.mapreduce.lib.output.FileOutputCommitter.commitJob(FileOutputCommitter.java:322) ]
WARN:Output Path is null in commitJob()
2020-11-21 19:14:21 下午 [Thread: main][ Class:org.apache.hadoop.util.NativeCodeLoader >> Method: org.apache.hadoop.util.NativeCodeLoader.<clinit>(NativeCodeLoader.java:62) ]
WARN:Unable to load native-hadoop library for your platform... using builtin-java classes where applicable
2020-11-21 19:14:26 下午 [Thread: main][ Class:org.apache.hadoop.mapreduce.JobSubmitter >> Method: org.apache.hadoop.mapreduce.JobSubmitter.copyAndConfigureFiles(JobSubmitter.java:153) ]
WARN:Hadoop command-line option parsing not performed. Implement the Tool interface and execute your application with ToolRunner to remedy this.
2020-11-21 19:14:26 下午 [Thread: main][ Class:org.apache.hadoop.mapreduce.JobSubmitter >> Method: org.apache.hadoop.mapreduce.JobSubmitter.copyAndConfigureFiles(JobSubmitter.java:261) ]
WARN:No job jar file set.  User classes may not be found. See Job or Job#setJar(String).
2020-11-21 19:14:27 下午 [Thread: Thread-11][ Class:org.apache.hadoop.mapreduce.lib.output.FileOutputCommitter >> Method: org.apache.hadoop.mapreduce.lib.output.FileOutputCommitter.setupJob(FileOutputCommitter.java:295) ]
WARN:Output Path is null in setupJob()
2020-11-21 19:14:28 下午 [Thread: Thread-11][ Class:org.apache.hadoop.mapreduce.lib.output.FileOutputCommitter >> Method: org.apache.hadoop.mapreduce.lib.output.FileOutputCommitter.commitJob(FileOutputCommitter.java:322) ]
WARN:Output Path is null in commitJob()
2020-11-21 19:14:39 下午 [Thread: main][ Class:org.apache.hadoop.util.NativeCodeLoader >> Method: org.apache.hadoop.util.NativeCodeLoader.<clinit>(NativeCodeLoader.java:62) ]
WARN:Unable to load native-hadoop library for your platform... using builtin-java classes where applicable
2020-11-21 19:14:44 下午 [Thread: main][ Class:org.apache.hadoop.mapreduce.JobSubmitter >> Method: org.apache.hadoop.mapreduce.JobSubmitter.copyAndConfigureFiles(JobSubmitter.java:153) ]
WARN:Hadoop command-line option parsing not performed. Implement the Tool interface and execute your application with ToolRunner to remedy this.
2020-11-21 19:14:44 下午 [Thread: main][ Class:org.apache.hadoop.mapreduce.JobSubmitter >> Method: org.apache.hadoop.mapreduce.JobSubmitter.copyAndConfigureFiles(JobSubmitter.java:261) ]
WARN:No job jar file set.  User classes may not be found. See Job or Job#setJar(String).
2020-11-21 19:14:45 下午 [Thread: Thread-11][ Class:org.apache.hadoop.mapreduce.lib.output.FileOutputCommitter >> Method: org.apache.hadoop.mapreduce.lib.output.FileOutputCommitter.setupJob(FileOutputCommitter.java:295) ]
WARN:Output Path is null in setupJob()
2020-11-21 19:14:46 下午 [Thread: Thread-11][ Class:org.apache.hadoop.mapreduce.lib.output.FileOutputCommitter >> Method: org.apache.hadoop.mapreduce.lib.output.FileOutputCommitter.commitJob(FileOutputCommitter.java:322) ]
WARN:Output Path is null in commitJob()
2020-11-21 19:14:58 下午 [Thread: main][ Class:org.apache.hadoop.util.NativeCodeLoader >> Method: org.apache.hadoop.util.NativeCodeLoader.<clinit>(NativeCodeLoader.java:62) ]
WARN:Unable to load native-hadoop library for your platform... using builtin-java classes where applicable
2020-11-21 19:15:03 下午 [Thread: main][ Class:org.apache.hadoop.mapreduce.JobSubmitter >> Method: org.apache.hadoop.mapreduce.JobSubmitter.copyAndConfigureFiles(JobSubmitter.java:153) ]
WARN:Hadoop command-line option parsing not performed. Implement the Tool interface and execute your application with ToolRunner to remedy this.
2020-11-21 19:15:03 下午 [Thread: main][ Class:org.apache.hadoop.mapreduce.JobSubmitter >> Method: org.apache.hadoop.mapreduce.JobSubmitter.copyAndConfigureFiles(JobSubmitter.java:261) ]
WARN:No job jar file set.  User classes may not be found. See Job or Job#setJar(String).
2020-11-21 19:15:04 下午 [Thread: Thread-11][ Class:org.apache.hadoop.mapreduce.lib.output.FileOutputCommitter >> Method: org.apache.hadoop.mapreduce.lib.output.FileOutputCommitter.setupJob(FileOutputCommitter.java:295) ]
WARN:Output Path is null in setupJob()
2020-11-21 19:15:05 下午 [Thread: Thread-11][ Class:org.apache.hadoop.mapreduce.lib.output.FileOutputCommitter >> Method: org.apache.hadoop.mapreduce.lib.output.FileOutputCommitter.commitJob(FileOutputCommitter.java:322) ]
WARN:Output Path is null in commitJob()
